{
  "RSpec": {
    "coverage": {
      "/Users/jessicajoly/Desktop/My_Classy_Blog/spec/features/comment_pages_spec.rb": [
        1,
        null,
        1,
        1,
        1,
        1,
        1,
        1,
        1,
        1,
        null,
        null
      ],
      "/Users/jessicajoly/Desktop/My_Classy_Blog/spec/rails_helper.rb": [
        1,
        1,
        1,
        1,
        1,
        1,
        null,
        1,
        null,
        1,
        1,
        1,
        1,
        null,
        null,
        1,
        1,
        1,
        1,
        null,
        null
      ],
      "/Users/jessicajoly/Desktop/My_Classy_Blog/config/environment.rb": [
        null,
        1,
        null,
        null,
        1
      ],
      "/Users/jessicajoly/Desktop/My_Classy_Blog/config/application.rb": [
        1,
        null,
        1,
        null,
        1,
        1,
        1,
        1,
        1,
        1,
        1,
        null,
        null,
        null,
        null,
        1,
        null,
        1,
        1,
        null,
        null,
        null,
        null,
        null,
        null,
        null,
        null,
        null,
        null,
        null,
        null,
        null,
        1,
        null,
        null
      ],
      "/Users/jessicajoly/Desktop/My_Classy_Blog/config/boot.rb": [
        1,
        null,
        1
      ],
      "/Users/jessicajoly/Desktop/My_Classy_Blog/config/environments/test.rb": [
        1,
        null,
        null,
        null,
        null,
        null,
        null,
        1,
        null,
        null,
        null,
        null,
        1,
        null,
        null,
        1,
        1,
        null,
        null,
        1,
        1,
        null,
        null,
        1,
        null,
        null,
        1,
        null,
        null,
        null,
        null,
        1,
        null,
        null,
        1,
        null,
        null,
        1,
        null,
        null,
        null,
        null
      ],
      "/Users/jessicajoly/Desktop/My_Classy_Blog/config/initializers/assets.rb": [
        null,
        null,
        null,
        1,
        null,
        null,
        null,
        null,
        null,
        null,
        null
      ],
      "/Users/jessicajoly/Desktop/My_Classy_Blog/config/initializers/backtrace_silencers.rb": [
        null,
        null,
        null,
        null,
        null,
        null,
        null
      ],
      "/Users/jessicajoly/Desktop/My_Classy_Blog/config/initializers/cookies_serializer.rb": [
        null,
        null,
        1
      ],
      "/Users/jessicajoly/Desktop/My_Classy_Blog/config/initializers/devise.rb": [
        null,
        null,
        1,
        null,
        null,
        null,
        null,
        null,
        null,
        null,
        null,
        null,
        null,
        null,
        1,
        null,
        null,
        null,
        null,
        null,
        null,
        null,
        null,
        1,
        null,
        null,
        null,
        null,
        null,
        null,
        null,
        null,
        null,
        null,
        null,
        null,
        null,
        null,
        null,
        null,
        null,
        null,
        null,
        null,
        null,
        1,
        null,
        null,
        null,
        null,
        1,
        null,
        null,
        null,
        null,
        null,
        null,
        null,
        null,
        null,
        null,
        null,
        null,
        null,
        null,
        null,
        null,
        null,
        null,
        null,
        null,
        null,
        null,
        null,
        null,
        null,
        null,
        null,
        null,
        null,
        null,
        1,
        null,
        null,
        null,
        null,
        null,
        null,
        null,
        null,
        null,
        null,
        null,
        null,
        null,
        null,
        null,
        null,
        1,
        null,
        null,
        null,
        null,
        null,
        null,
        null,
        null,
        null,
        null,
        null,
        null,
        null,
        null,
        null,
        null,
        null,
        null,
        null,
        null,
        null,
        null,
        null,
        null,
        1,
        null,
        null,
        null,
        null,
        null,
        null,
        null,
        null,
        null,
        1,
        null,
        null,
        null,
        null,
        null,
        null,
        null,
        null,
        null,
        null,
        1,
        null,
        null,
        null,
        null,
        null,
        null,
        null,
        null,
        null,
        null,
        null,
        null,
        null,
        null,
        null,
        null,
        null,
        null,
        null,
        null,
        null,
        null,
        null,
        null,
        null,
        null,
        null,
        null,
        null,
        null,
        null,
        null,
        null,
        null,
        null,
        null,
        null,
        null,
        null,
        null,
        null,
        null,
        null,
        null,
        null,
        1,
        null,
        null,
        null,
        null,
        null,
        null,
        null,
        null,
        null,
        null,
        null,
        null,
        null,
        null,
        null,
        null,
        null,
        null,
        null,
        null,
        null,
        null,
        null,
        null,
        null,
        null,
        null,
        null,
        null,
        null,
        null,
        null,
        null,
        null,
        null,
        null,
        null,
        null,
        null,
        null,
        null,
        1,
        null,
        null,
        null,
        null,
        null,
        null,
        null,
        null,
        null,
        null,
        null,
        null,
        null,
        null,
        null,
        null,
        null,
        null,
        null,
        null,
        null,
        null,
        null,
        null,
        null,
        null,
        null,
        null,
        null
      ],
      "/Users/jessicajoly/Desktop/My_Classy_Blog/config/initializers/filter_parameter_logging.rb": [
        null,
        null,
        null,
        1
      ],
      "/Users/jessicajoly/Desktop/My_Classy_Blog/config/initializers/inflections.rb": [
        null,
        null,
        null,
        null,
        null,
        null,
        null,
        null,
        null,
        null,
        null,
        null,
        null,
        null,
        null,
        null
      ],
      "/Users/jessicajoly/Desktop/My_Classy_Blog/config/initializers/mime_types.rb": [
        null,
        null,
        null,
        null
      ],
      "/Users/jessicajoly/Desktop/My_Classy_Blog/config/initializers/session_store.rb": [
        null,
        null,
        1
      ],
      "/Users/jessicajoly/Desktop/My_Classy_Blog/config/initializers/wrap_parameters.rb": [
        null,
        null,
        null,
        null,
        null,
        null,
        1,
        1,
        null,
        null,
        null,
        null,
        null,
        null
      ],
      "/Users/jessicajoly/Desktop/My_Classy_Blog/config/routes.rb": [
        1,
        1,
        1,
        null,
        1,
        1,
        1,
        null,
        null,
        1,
        1,
        null,
        null
      ],
      "/Users/jessicajoly/Desktop/My_Classy_Blog/app/controllers/application_controller.rb": [
        1,
        null,
        null,
        1,
        null
      ],
      "/Users/jessicajoly/Desktop/My_Classy_Blog/app/helpers/application_helper.rb": [
        1,
        null
      ],
      "/Users/jessicajoly/Desktop/My_Classy_Blog/app/controllers/comments_controller.rb": [
        1,
        1,
        1,
        1,
        null,
        null,
        1,
        1,
        1,
        1,
        1,
        null,
        0,
        null,
        null,
        null,
        1,
        null,
        1,
        1,
        null,
        null,
        null,
        null,
        null
      ],
      "/Users/jessicajoly/Desktop/My_Classy_Blog/app/controllers/posts_controller.rb": [
        1,
        1,
        8,
        8,
        null,
        null,
        1,
        5,
        null,
        null,
        1,
        2,
        2,
        null,
        null,
        1,
        2,
        2,
        2,
        1,
        0,
        0,
        0,
        0,
        null,
        null,
        null,
        1,
        null,
        1,
        null,
        null,
        null,
        1,
        2,
        2,
        null,
        null,
        null,
        1,
        2,
        2,
        2,
        1,
        1,
        null,
        0,
        0,
        0,
        null,
        null,
        1,
        null,
        1,
        null,
        null,
        null,
        1,
        1,
        1,
        1,
        null,
        null,
        1,
        1,
        4,
        null,
        null
      ],
      "/Users/jessicajoly/Desktop/My_Classy_Blog/app/controllers/static_pages_controller.rb": [
        1,
        null,
        1,
        null,
        null
      ],
      "/Users/jessicajoly/Desktop/My_Classy_Blog/app/controllers/tags_controller.rb": [
        1,
        1,
        0,
        null,
        null,
        1,
        2,
        null,
        null,
        1,
        1,
        1,
        0,
        null,
        1,
        null,
        null,
        null,
        1,
        1,
        null,
        null,
        1,
        0,
        0,
        0,
        null,
        0,
        null,
        null,
        null,
        1,
        1,
        1,
        1,
        null,
        null,
        null,
        1,
        1,
        1,
        null,
        null
      ],
      "/Users/jessicajoly/Desktop/My_Classy_Blog/app/models/comment.rb": [
        1,
        1,
        1,
        null
      ],
      "/Users/jessicajoly/Desktop/My_Classy_Blog/app/models/post.rb": [
        1,
        1,
        1,
        null,
        1,
        1,
        null
      ],
      "/Users/jessicajoly/Desktop/My_Classy_Blog/app/models/tag.rb": [
        1,
        1,
        null,
        1,
        null
      ],
      "/Users/jessicajoly/Desktop/My_Classy_Blog/spec/features/post_pages_spec.rb": [
        1,
        null,
        1,
        1,
        1,
        1,
        1,
        1,
        1,
        1,
        null,
        null,
        1,
        1,
        1,
        1,
        null,
        null,
        null,
        1,
        1,
        1,
        1,
        1,
        1,
        1,
        1,
        null,
        null,
        1,
        1,
        1,
        1,
        1,
        1,
        1,
        null,
        null,
        null,
        1,
        1,
        1,
        1,
        1,
        1,
        null,
        null
      ],
      "/Users/jessicajoly/Desktop/My_Classy_Blog/spec/features/tag_pages_spec.rb": [
        1,
        null,
        1,
        1,
        1,
        1,
        1,
        0,
        0,
        null,
        null,
        1,
        1,
        1,
        1,
        null,
        null,
        null,
        1,
        1,
        1,
        1,
        1,
        1,
        0,
        0,
        null,
        null,
        null,
        1,
        1,
        1,
        1,
        1,
        1,
        null,
        null
      ],
      "/Users/jessicajoly/Desktop/My_Classy_Blog/spec/models/comment_spec.rb": [
        1,
        null,
        1,
        2,
        2,
        null
      ],
      "/Users/jessicajoly/Desktop/My_Classy_Blog/spec/models/post_spec.rb": [
        1,
        null,
        1,
        2,
        2,
        2,
        null
      ],
      "/Users/jessicajoly/Desktop/My_Classy_Blog/spec/models/tag_spec.rb": [
        1,
        null,
        1,
        2,
        2,
        null,
        null
      ]
    },
    "timestamp": 1445628019
  }
}
